Error in <TChain::SetBranchAddress>: unknown branch -> btagWeight_CSVV2
Error in <TChain::SetBranchAddress>: unknown branch -> btagWeight_DeepCSVB
Error in <TChain::SetBranchAddress>: unknown branch -> nGenJetAK8
Error in <TChain::SetBranchAddress>: unknown branch -> GenJetAK8_eta
Error in <TChain::SetBranchAddress>: unknown branch -> GenJetAK8_mass
Error in <TChain::SetBranchAddress>: unknown branch -> GenJetAK8_phi
Error in <TChain::SetBranchAddress>: unknown branch -> GenJetAK8_pt
Error in <TChain::SetBranchAddress>: unknown branch -> nGenJet
Error in <TChain::SetBranchAddress>: unknown branch -> GenJet_eta
Error in <TChain::SetBranchAddress>: unknown branch -> GenJet_mass
Error in <TChain::SetBranchAddress>: unknown branch -> GenJet_phi
Error in <TChain::SetBranchAddress>: unknown branch -> GenJet_pt
Error in <TChain::SetBranchAddress>: unknown branch -> nGenPart
Error in <TChain::SetBranchAddress>: unknown branch -> GenPart_eta
Error in <TChain::SetBranchAddress>: unknown branch -> GenPart_mass
Error in <TChain::SetBranchAddress>: unknown branch -> GenPart_phi
Error in <TChain::SetBranchAddress>: unknown branch -> GenPart_pt
Error in <TChain::SetBranchAddress>: unknown branch -> GenPart_genPartIdxMother
Error in <TChain::SetBranchAddress>: unknown branch -> GenPart_pdgId
Error in <TChain::SetBranchAddress>: unknown branch -> GenPart_status
Error in <TChain::SetBranchAddress>: unknown branch -> GenPart_statusFlags
Error in <TChain::SetBranchAddress>: unknown branch -> nSubGenJetAK8
Error in <TChain::SetBranchAddress>: unknown branch -> SubGenJetAK8_eta
Error in <TChain::SetBranchAddress>: unknown branch -> SubGenJetAK8_mass
Error in <TChain::SetBranchAddress>: unknown branch -> SubGenJetAK8_phi
Error in <TChain::SetBranchAddress>: unknown branch -> SubGenJetAK8_pt
Error in <TChain::SetBranchAddress>: unknown branch -> Generator_binvar
Error in <TChain::SetBranchAddress>: unknown branch -> Generator_scalePDF
Error in <TChain::SetBranchAddress>: unknown branch -> Generator_weight
Error in <TChain::SetBranchAddress>: unknown branch -> Generator_x1
Error in <TChain::SetBranchAddress>: unknown branch -> Generator_x2
Error in <TChain::SetBranchAddress>: unknown branch -> Generator_xpdf1
Error in <TChain::SetBranchAddress>: unknown branch -> Generator_xpdf2
Error in <TChain::SetBranchAddress>: unknown branch -> Generator_id1
Error in <TChain::SetBranchAddress>: unknown branch -> Generator_id2
Error in <TChain::SetBranchAddress>: unknown branch -> nGenVisTau
Error in <TChain::SetBranchAddress>: unknown branch -> GenVisTau_eta
Error in <TChain::SetBranchAddress>: unknown branch -> GenVisTau_mass
Error in <TChain::SetBranchAddress>: unknown branch -> GenVisTau_phi
Error in <TChain::SetBranchAddress>: unknown branch -> GenVisTau_pt
Error in <TChain::SetBranchAddress>: unknown branch -> GenVisTau_charge
Error in <TChain::SetBranchAddress>: unknown branch -> GenVisTau_genPartIdxMother
Error in <TChain::SetBranchAddress>: unknown branch -> GenVisTau_status
Error in <TChain::SetBranchAddress>: unknown branch -> genWeight
Error in <TChain::SetBranchAddress>: unknown branch -> LHEWeight_originalXWGTUP
Error in <TChain::SetBranchAddress>: unknown branch -> nLHEPdfWeight
Error in <TChain::SetBranchAddress>: unknown branch -> LHEPdfWeight
Error in <TChain::SetBranchAddress>: unknown branch -> nLHEScaleWeight
Error in <TChain::SetBranchAddress>: unknown branch -> LHEScaleWeight
Error in <TChain::SetBranchAddress>: unknown branch -> nPSWeight
Error in <TChain::SetBranchAddress>: unknown branch -> PSWeight
Error in <TChain::SetBranchAddress>: unknown branch -> LHE_HT
Error in <TChain::SetBranchAddress>: unknown branch -> LHE_HTIncoming
Error in <TChain::SetBranchAddress>: unknown branch -> LHE_Vpt
Error in <TChain::SetBranchAddress>: unknown branch -> LHE_Njets
Error in <TChain::SetBranchAddress>: unknown branch -> LHE_Nb
Error in <TChain::SetBranchAddress>: unknown branch -> LHE_Nc
Error in <TChain::SetBranchAddress>: unknown branch -> LHE_Nuds
Error in <TChain::SetBranchAddress>: unknown branch -> LHE_Nglu
Error in <TChain::SetBranchAddress>: unknown branch -> LHE_NpNLO
Error in <TChain::SetBranchAddress>: unknown branch -> LHE_NpLO
Error in <TChain::SetBranchAddress>: unknown branch -> nLHEPart
Error in <TChain::SetBranchAddress>: unknown branch -> LHEPart_pt
Error in <TChain::SetBranchAddress>: unknown branch -> LHEPart_eta
Error in <TChain::SetBranchAddress>: unknown branch -> LHEPart_phi
Error in <TChain::SetBranchAddress>: unknown branch -> LHEPart_mass
Error in <TChain::SetBranchAddress>: unknown branch -> LHEPart_pdgId
Error in <TChain::SetBranchAddress>: unknown branch -> GenMET_phi
Error in <TChain::SetBranchAddress>: unknown branch -> GenMET_pt
Error in <TChain::SetBranchAddress>: unknown branch -> Pileup_nTrueInt
Error in <TChain::SetBranchAddress>: unknown branch -> Pileup_nPU
Error in <TChain::SetBranchAddress>: unknown branch -> Pileup_sumEOOT
Error in <TChain::SetBranchAddress>: unknown branch -> Pileup_sumLOOT
Error in <TChain::SetBranchAddress>: unknown branch -> nGenDressedLepton
Error in <TChain::SetBranchAddress>: unknown branch -> GenDressedLepton_eta
Error in <TChain::SetBranchAddress>: unknown branch -> GenDressedLepton_mass
Error in <TChain::SetBranchAddress>: unknown branch -> GenDressedLepton_phi
Error in <TChain::SetBranchAddress>: unknown branch -> GenDressedLepton_pt
Error in <TChain::SetBranchAddress>: unknown branch -> GenDressedLepton_pdgId
Error in <TChain::SetBranchAddress>: unknown branch -> genTtbarId
Error in <TChain::SetBranchAddress>: unknown branch -> Electron_genPartIdx
Error in <TChain::SetBranchAddress>: unknown branch -> Electron_genPartFlav
Error in <TChain::SetBranchAddress>: unknown branch -> GenJetAK8_partonFlavour
Error in <TChain::SetBranchAddress>: unknown branch -> GenJetAK8_hadronFlavour
Error in <TChain::SetBranchAddress>: unknown branch -> GenJet_partonFlavour
Error in <TChain::SetBranchAddress>: unknown branch -> GenJet_hadronFlavour
Error in <TChain::SetBranchAddress>: unknown branch -> Jet_genJetIdx
Error in <TChain::SetBranchAddress>: unknown branch -> Jet_hadronFlavour
Error in <TChain::SetBranchAddress>: unknown branch -> Jet_partonFlavour
Error in <TChain::SetBranchAddress>: unknown branch -> Muon_genPartIdx
Error in <TChain::SetBranchAddress>: unknown branch -> Muon_genPartFlav
Error in <TChain::SetBranchAddress>: unknown branch -> Photon_genPartIdx
Error in <TChain::SetBranchAddress>: unknown branch -> Photon_genPartFlav
Error in <TChain::SetBranchAddress>: unknown branch -> MET_fiducialGenPhi
Error in <TChain::SetBranchAddress>: unknown branch -> MET_fiducialGenPt
Error in <TChain::SetBranchAddress>: unknown branch -> Tau_genPartIdx
Error in <TChain::SetBranchAddress>: unknown branch -> Tau_genPartFlav
Error in <TChain::SetBranchAddress>: unknown branch -> L1simulation_step
Error in <TChain::SetBranchAddress>: unknown branch -> HLT_AK8PFJet360_TrimMass30
Error in <TChain::SetBranchAddress>: unknown branch -> HLT_AK8PFJet380_TrimMass30
Error in <TChain::SetBranchAddress>: unknown branch -> HLT_AK8PFJet400_TrimMass30
Error in <TChain::SetBranchAddress>: unknown branch -> HLT_AK8PFJet420_TrimMass30
Error in <TChain::SetBranchAddress>: unknown branch -> HLT_AK8PFHT750_TrimMass50
Error in <TChain::SetBranchAddress>: unknown branch -> HLT_AK8PFHT800_TrimMass50
Error in <TChain::SetBranchAddress>: unknown branch -> HLT_AK8PFHT850_TrimMass50
Error in <TChain::SetBranchAddress>: unknown branch -> HLT_AK8PFHT900_TrimMass50
Error in <TChain::SetBranchAddress>: unknown branch -> HLT_Trimuon5_3p5_2_Upsilon_Muon
Error in <TChain::SetBranchAddress>: unknown branch -> HLT_DoubleEle25_CaloIdL_MW
Error in <TChain::SetBranchAddress>: unknown branch -> HLT_DoubleEle27_CaloIdL_MW
Error in <TChain::SetBranchAddress>: unknown branch -> HLT_DoubleEle24_eta2p1_WPTight_Gsf
Error in <TChain::SetBranchAddress>: unknown branch -> HLT_DoubleEle8_CaloIdM_TrackIdM_Mass8_DZ_PFHT350
Error in <TChain::SetBranchAddress>: unknown branch -> HLT_DoubleEle8_CaloIdM_TrackIdM_Mass8_PFHT350
Error in <TChain::SetBranchAddress>: unknown branch -> HLT_Ele27_Ele37_CaloIdL_MW
Error in <TChain::SetBranchAddress>: unknown branch -> HLT_Mu27_Ele37_CaloIdL_MW
Error in <TChain::SetBranchAddress>: unknown branch -> HLT_Mu37_Ele27_CaloIdL_MW
Error in <TChain::SetBranchAddress>: unknown branch -> HLT_Mu37_TkMu27
Error in <TChain::SetBranchAddress>: unknown branch -> HLT_DoubleMu4_Mass8_DZ_PFHT350
Error in <TChain::SetBranchAddress>: unknown branch -> HLT_DoubleMu8_Mass8_PFHT350
Error in <TChain::SetBranchAddress>: unknown branch -> HLT_Mu3_PFJet40
Error in <TChain::SetBranchAddress>: unknown branch -> HLT_Mu7p5_L2Mu2_Jpsi
Error in <TChain::SetBranchAddress>: unknown branch -> HLT_Mu7p5_L2Mu2_Upsilon
Error in <TChain::SetBranchAddress>: unknown branch -> HLT_Ele20_WPTight_Gsf
Error in <TChain::SetBranchAddress>: unknown branch -> HLT_Ele20_WPLoose_Gsf
Error in <TChain::SetBranchAddress>: unknown branch -> HLT_Ele20_eta2p1_WPLoose_Gsf
Error in <TChain::SetBranchAddress>: unknown branch -> HLT_DiEle27_WPTightCaloOnly_L1DoubleEG
Error in <TChain::SetBranchAddress>: unknown branch -> HLT_Ele32_WPTight_Gsf
Error in <TChain::SetBranchAddress>: unknown branch -> HLT_Ele35_WPTight_Gsf_L1EGMT
Error in <TChain::SetBranchAddress>: unknown branch -> HLT_IsoMu30
Error in <TChain::SetBranchAddress>: unknown branch -> HLT_L2Mu50
Error in <TChain::SetBranchAddress>: unknown branch -> HLT_DoubleL2Mu50
Error in <TChain::SetBranchAddress>: unknown branch -> HLT_Mu19_TrkIsoVVL_Mu9_TrkIsoVVL
Error in <TChain::SetBranchAddress>: unknown branch -> HLT_Mu19_TrkIsoVVL_Mu9_TrkIsoVVL_DZ
Error in <TChain::SetBranchAddress>: unknown branch -> HLT_Mu19_TrkIsoVVL_Mu9_TrkIsoVVL_DZ_Mass8
Error in <TChain::SetBranchAddress>: unknown branch -> HLT_Mu17_TrkIsoVVL_Mu8_TrkIsoVVL_DZ_Mass3p8
Error in <TChain::SetBranchAddress>: unknown branch -> HLT_Mu19_TrkIsoVVL_Mu9_TrkIsoVVL_DZ_Mass3p8
Error in <TChain::SetBranchAddress>: unknown branch -> HLT_Mu25_TkMu0_Onia
Error in <TChain::SetBranchAddress>: unknown branch -> HLT_Mu25_TkMu0_Phi
Error in <TChain::SetBranchAddress>: unknown branch -> HLT_Mu55
Error in <TChain::SetBranchAddress>: unknown branch -> HLT_OldMu100
Error in <TChain::SetBranchAddress>: unknown branch -> HLT_TkMu100
Error in <TChain::SetBranchAddress>: unknown branch -> HLT_DiPFJetAve40
Error in <TChain::SetBranchAddress>: unknown branch -> HLT_DiPFJetAve60
Error in <TChain::SetBranchAddress>: unknown branch -> HLT_DiPFJetAve80
Error in <TChain::SetBranchAddress>: unknown branch -> HLT_DiPFJetAve140
Error in <TChain::SetBranchAddress>: unknown branch -> HLT_DiPFJetAve200
Error in <TChain::SetBranchAddress>: unknown branch -> HLT_DiPFJetAve260
Error in <TChain::SetBranchAddress>: unknown branch -> HLT_DiPFJetAve320
Error in <TChain::SetBranchAddress>: unknown branch -> HLT_DiPFJetAve400
Error in <TChain::SetBranchAddress>: unknown branch -> HLT_DiPFJetAve500
Error in <TChain::SetBranchAddress>: unknown branch -> HLT_DiPFJetAve60_HFJEC
Error in <TChain::SetBranchAddress>: unknown branch -> HLT_DiPFJetAve80_HFJEC
Error in <TChain::SetBranchAddress>: unknown branch -> HLT_DiPFJetAve100_HFJEC
Error in <TChain::SetBranchAddress>: unknown branch -> HLT_DiPFJetAve160_HFJEC
Error in <TChain::SetBranchAddress>: unknown branch -> HLT_DiPFJetAve220_HFJEC
Error in <TChain::SetBranchAddress>: unknown branch -> HLT_DiPFJetAve300_HFJEC
Error in <TChain::SetBranchAddress>: unknown branch -> HLT_PFJetFwd40
Error in <TChain::SetBranchAddress>: unknown branch -> HLT_PFJetFwd60
Error in <TChain::SetBranchAddress>: unknown branch -> HLT_PFJetFwd80
Error in <TChain::SetBranchAddress>: unknown branch -> HLT_PFJetFwd140
Error in <TChain::SetBranchAddress>: unknown branch -> HLT_PFJetFwd200
Error in <TChain::SetBranchAddress>: unknown branch -> HLT_PFJetFwd260
Error in <TChain::SetBranchAddress>: unknown branch -> HLT_PFJetFwd320
Error in <TChain::SetBranchAddress>: unknown branch -> HLT_PFJetFwd400
Error in <TChain::SetBranchAddress>: unknown branch -> HLT_PFJetFwd450
Error in <TChain::SetBranchAddress>: unknown branch -> HLT_PFJetFwd500
Error in <TChain::SetBranchAddress>: unknown branch -> HLT_AK8PFJetFwd40
Error in <TChain::SetBranchAddress>: unknown branch -> HLT_AK8PFJetFwd60
Error in <TChain::SetBranchAddress>: unknown branch -> HLT_AK8PFJetFwd80
Error in <TChain::SetBranchAddress>: unknown branch -> HLT_AK8PFJetFwd140
Error in <TChain::SetBranchAddress>: unknown branch -> HLT_AK8PFJetFwd200
Error in <TChain::SetBranchAddress>: unknown branch -> HLT_AK8PFJetFwd260
Error in <TChain::SetBranchAddress>: unknown branch -> HLT_AK8PFJetFwd320
Error in <TChain::SetBranchAddress>: unknown branch -> HLT_AK8PFJetFwd400
Error in <TChain::SetBranchAddress>: unknown branch -> HLT_AK8PFJetFwd450
Error in <TChain::SetBranchAddress>: unknown branch -> HLT_AK8PFJetFwd500
Error in <TChain::SetBranchAddress>: unknown branch -> HLT_PFMET100_PFMHT100_IDTight_CaloBTagCSV_3p1
Error in <TChain::SetBranchAddress>: unknown branch -> HLT_PFMET110_PFMHT110_IDTight_CaloBTagCSV_3p1
Error in <TChain::SetBranchAddress>: unknown branch -> HLT_PFMET120_PFMHT120_IDTight_CaloBTagCSV_3p1
Error in <TChain::SetBranchAddress>: unknown branch -> HLT_PFMET130_PFMHT130_IDTight_CaloBTagCSV_3p1
Error in <TChain::SetBranchAddress>: unknown branch -> HLT_PFMET140_PFMHT140_IDTight_CaloBTagCSV_3p1
Error in <TChain::SetBranchAddress>: unknown branch -> HLT_PFMET120_PFMHT120_IDTight_PFHT60
Error in <TChain::SetBranchAddress>: unknown branch -> HLT_PFMETNoMu120_PFMHTNoMu120_IDTight_PFHT60
Error in <TChain::SetBranchAddress>: unknown branch -> HLT_PFMETTypeOne120_PFMHT120_IDTight_PFHT60
Error in <TChain::SetBranchAddress>: unknown branch -> HLT_PFMETNoMu130_PFMHTNoMu130_IDTight
Error in <TChain::SetBranchAddress>: unknown branch -> HLT_PFMETNoMu140_PFMHTNoMu140_IDTight
Error in <TChain::SetBranchAddress>: unknown branch -> HLT_MonoCentralPFJet80_PFMETNoMu130_PFMHTNoMu130_IDTight
Error in <TChain::SetBranchAddress>: unknown branch -> HLT_MonoCentralPFJet80_PFMETNoMu140_PFMHTNoMu140_IDTight
Error in <TChain::SetBranchAddress>: unknown branch -> HLT_L1ETMHadSeeds
Error in <TChain::SetBranchAddress>: unknown branch -> HLT_CaloMHT90
Error in <TChain::SetBranchAddress>: unknown branch -> HLT_CaloMET80_NotCleaned
Error in <TChain::SetBranchAddress>: unknown branch -> HLT_CaloMET90_NotCleaned
Error in <TChain::SetBranchAddress>: unknown branch -> HLT_CaloMET100_NotCleaned
Error in <TChain::SetBranchAddress>: unknown branch -> HLT_CaloMET110_NotCleaned
Error in <TChain::SetBranchAddress>: unknown branch -> HLT_CaloMET250_NotCleaned
Error in <TChain::SetBranchAddress>: unknown branch -> HLT_CaloMET70_HBHECleaned
Error in <TChain::SetBranchAddress>: unknown branch -> HLT_CaloMET80_HBHECleaned
Error in <TChain::SetBranchAddress>: unknown branch -> HLT_CaloMET90_HBHECleaned
Error in <TChain::SetBranchAddress>: unknown branch -> HLT_CaloMET100_HBHECleaned
Error in <TChain::SetBranchAddress>: unknown branch -> HLT_CaloMET250_HBHECleaned
Error in <TChain::SetBranchAddress>: unknown branch -> HLT_CaloMET300_HBHECleaned
Error in <TChain::SetBranchAddress>: unknown branch -> HLT_CaloMET350_HBHECleaned
Error in <TChain::SetBranchAddress>: unknown branch -> HLT_PFMET200_NotCleaned
Error in <TChain::SetBranchAddress>: unknown branch -> HLT_PFMET200_HBHECleaned
Error in <TChain::SetBranchAddress>: unknown branch -> HLT_PFMET250_HBHECleaned
Error in <TChain::SetBranchAddress>: unknown branch -> HLT_PFMET300_HBHECleaned
Error in <TChain::SetBranchAddress>: unknown branch -> HLT_PFMET200_HBHE_BeamHaloCleaned
Error in <TChain::SetBranchAddress>: unknown branch -> HLT_PFMETTypeOne200_HBHE_BeamHaloCleaned
Error in <TChain::SetBranchAddress>: unknown branch -> HLT_MET105_IsoTrk50
Error in <TChain::SetBranchAddress>: unknown branch -> HLT_MET120_IsoTrk50
Error in <TChain::SetBranchAddress>: unknown branch -> HLT_SingleJet30_Mu12_SinglePFJet40
Error in <TChain::SetBranchAddress>: unknown branch -> HLT_Mu12_DoublePFJets40_CaloBTagCSV_p33
Error in <TChain::SetBranchAddress>: unknown branch -> HLT_Mu12_DoublePFJets100_CaloBTagCSV_p33
Error in <TChain::SetBranchAddress>: unknown branch -> HLT_Mu12_DoublePFJets200_CaloBTagCSV_p33
Error in <TChain::SetBranchAddress>: unknown branch -> HLT_Mu12_DoublePFJets350_CaloBTagCSV_p33
Error in <TChain::SetBranchAddress>: unknown branch -> HLT_Mu12_DoublePFJets40MaxDeta1p6_DoubleCaloBTagCSV_p33
Error in <TChain::SetBranchAddress>: unknown branch -> HLT_Mu12_DoublePFJets54MaxDeta1p6_DoubleCaloBTagCSV_p33
Error in <TChain::SetBranchAddress>: unknown branch -> HLT_Mu12_DoublePFJets62MaxDeta1p6_DoubleCaloBTagCSV_p33
Error in <TChain::SetBranchAddress>: unknown branch -> HLT_DoublePFJets40_CaloBTagCSV_p33
Error in <TChain::SetBranchAddress>: unknown branch -> HLT_DoublePFJets100_CaloBTagCSV_p33
Error in <TChain::SetBranchAddress>: unknown branch -> HLT_DoublePFJets200_CaloBTagCSV_p33
Error in <TChain::SetBranchAddress>: unknown branch -> HLT_DoublePFJets350_CaloBTagCSV_p33
Error in <TChain::SetBranchAddress>: unknown branch -> HLT_DoublePFJets100MaxDeta1p6_DoubleCaloBTagCSV_p33
Error in <TChain::SetBranchAddress>: unknown branch -> HLT_DoublePFJets116MaxDeta1p6_DoubleCaloBTagCSV_p33
Error in <TChain::SetBranchAddress>: unknown branch -> HLT_DoublePFJets128MaxDeta1p6_DoubleCaloBTagCSV_p33
Error in <TChain::SetBranchAddress>: unknown branch -> HLT_Mu8_Ele8_CaloIdM_TrackIdM_Mass8_PFHT350_DZ
Error in <TChain::SetBranchAddress>: unknown branch -> HLT_Mu8_Ele8_CaloIdM_TrackIdM_Mass8_PFHT350
Error in <TChain::SetBranchAddress>: unknown branch -> HLT_Mu8_TrkIsoVVL_Ele23_CaloIdL_TrackIdL_IsoVL
Error in <TChain::SetBranchAddress>: unknown branch -> HLT_Mu19_TrkIsoVVL
Error in <TChain::SetBranchAddress>: unknown branch -> HLT_Mu23_TrkIsoVVL_Ele12_CaloIdL_TrackIdL_IsoVL
Error in <TChain::SetBranchAddress>: unknown branch -> HLT_Mu12_TrkIsoVVL_Ele23_CaloIdL_TrackIdL_IsoVL
Error in <TChain::SetBranchAddress>: unknown branch -> HLT_Mu12_DoublePhoton20
Error in <TChain::SetBranchAddress>: unknown branch -> HLT_TriplePhoton_20_20_20_CaloIdLV2
Error in <TChain::SetBranchAddress>: unknown branch -> HLT_TriplePhoton_20_20_20_CaloIdLV2_R9IdVL
Error in <TChain::SetBranchAddress>: unknown branch -> HLT_TriplePhoton_30_30_10_CaloIdLV2
Error in <TChain::SetBranchAddress>: unknown branch -> HLT_TriplePhoton_30_30_10_CaloIdLV2_R9IdVL
Error in <TChain::SetBranchAddress>: unknown branch -> HLT_TriplePhoton_35_35_5_CaloIdLV2_R9IdVL
Error in <TChain::SetBranchAddress>: unknown branch -> HLT_Photon25
Error in <TChain::SetBranchAddress>: unknown branch -> HLT_Photon90_CaloIdL_PFHT700
Error in <TChain::SetBranchAddress>: unknown branch -> HLT_Dimuon0_Jpsi_L1_NoOS
Error in <TChain::SetBranchAddress>: unknown branch -> HLT_Dimuon0_Jpsi_NoVertexing_NoOS
Error in <TChain::SetBranchAddress>: unknown branch -> HLT_Dimuon0_Jpsi
Error in <TChain::SetBranchAddress>: unknown branch -> HLT_Dimuon0_Jpsi_NoVertexing
Error in <TChain::SetBranchAddress>: unknown branch -> HLT_Dimuon0_Jpsi_L1_4R_0er1p5R
Error in <TChain::SetBranchAddress>: unknown branch -> HLT_Dimuon0_Jpsi_NoVertexing_L1_4R_0er1p5R
Error in <TChain::SetBranchAddress>: unknown branch -> HLT_Dimuon0_Jpsi3p5_Muon2
Error in <TChain::SetBranchAddress>: unknown branch -> HLT_Dimuon0_Upsilon_L1_4p5
Error in <TChain::SetBranchAddress>: unknown branch -> HLT_Dimuon0_Upsilon_L1_5
Error in <TChain::SetBranchAddress>: unknown branch -> HLT_Dimuon0_Upsilon_L1_4p5NoOS
Error in <TChain::SetBranchAddress>: unknown branch -> HLT_Dimuon0_Upsilon_L1_4p5er2p0
Error in <TChain::SetBranchAddress>: unknown branch -> HLT_Dimuon0_Upsilon_L1_4p5er2p0M
Error in <TChain::SetBranchAddress>: unknown branch -> HLT_Dimuon0_Upsilon_NoVertexing
Error in <TChain::SetBranchAddress>: unknown branch -> HLT_Dimuon0_Upsilon_L1_5M
Error in <TChain::SetBranchAddress>: unknown branch -> HLT_Dimuon0_LowMass_L1_0er1p5
Error in <TChain::SetBranchAddress>: unknown branch -> HLT_Dimuon0_LowMass
Error in <TChain::SetBranchAddress>: unknown branch -> HLT_Dimuon0_LowMass_L1_4
Error in <TChain::SetBranchAddress>: unknown branch -> HLT_Dimuon0_LowMass_L1_TM530
Error in <TChain::SetBranchAddress>: unknown branch -> HLT_Dimuon0_Upsilon_Muon_L1_TM0
Error in <TChain::SetBranchAddress>: unknown branch -> HLT_Dimuon0_Upsilon_Muon_NoL1Mass
Error in <TChain::SetBranchAddress>: unknown branch -> HLT_TripleMu_5_3_3_Mass3p8to60_DZ
Error in <TChain::SetBranchAddress>: unknown branch -> HLT_Tau3Mu_Mu7_Mu1_TkMu1_Tau15
Error in <TChain::SetBranchAddress>: unknown branch -> HLT_Tau3Mu_Mu7_Mu1_TkMu1_Tau15_Charge1
Error in <TChain::SetBranchAddress>: unknown branch -> HLT_Tau3Mu_Mu7_Mu1_TkMu1_IsoTau15
Error in <TChain::SetBranchAddress>: unknown branch -> HLT_Tau3Mu_Mu7_Mu1_TkMu1_IsoTau15_Charge1
Error in <TChain::SetBranchAddress>: unknown branch -> HLT_DoubleMu3_DZ_PFMET50_PFMHT60
Error in <TChain::SetBranchAddress>: unknown branch -> HLT_DoubleMu3_DZ_PFMET70_PFMHT70
Error in <TChain::SetBranchAddress>: unknown branch -> HLT_DoubleMu3_DZ_PFMET90_PFMHT90
Error in <TChain::SetBranchAddress>: unknown branch -> HLT_DoubleMu3_Trk_Tau3mu_NoL1Mass
Error in <TChain::SetBranchAddress>: unknown branch -> HLT_DoubleMu4_JpsiTrkTrk_Displaced
Error in <TChain::SetBranchAddress>: unknown branch -> HLT_DoubleMu43NoFiltersNoVtx
Error in <TChain::SetBranchAddress>: unknown branch -> HLT_DoubleMu48NoFiltersNoVtx
Error in <TChain::SetBranchAddress>: unknown branch -> HLT_Mu43NoFiltersNoVtx_Photon43_CaloIdL
Error in <TChain::SetBranchAddress>: unknown branch -> HLT_Mu48NoFiltersNoVtx_Photon48_CaloIdL
Error in <TChain::SetBranchAddress>: unknown branch -> HLT_DoubleMu20_7_Mass0to30_L1_DM4
Error in <TChain::SetBranchAddress>: unknown branch -> HLT_HT425
Error in <TChain::SetBranchAddress>: unknown branch -> HLT_HT430_DisplacedDijet40_DisplacedTrack
Error in <TChain::SetBranchAddress>: unknown branch -> HLT_HT430_DisplacedDijet60_DisplacedTrack
Error in <TChain::SetBranchAddress>: unknown branch -> HLT_HT430_DisplacedDijet80_DisplacedTrack
Error in <TChain::SetBranchAddress>: unknown branch -> HLT_HT400_DisplacedDijet40_DisplacedTrack
Error in <TChain::SetBranchAddress>: unknown branch -> HLT_HT650_DisplacedDijet60_Inclusive
Error in <TChain::SetBranchAddress>: unknown branch -> HLT_HT550_DisplacedDijet80_Inclusive
Error in <TChain::SetBranchAddress>: unknown branch -> HLT_HT550_DisplacedDijet60_Inclusive
Error in <TChain::SetBranchAddress>: unknown branch -> HLT_HT650_DisplacedDijet80_Inclusive
Error in <TChain::SetBranchAddress>: unknown branch -> HLT_HT750_DisplacedDijet80_Inclusive
Error in <TChain::SetBranchAddress>: unknown branch -> HLT_DiJet110_35_Mjj650_PFMET110
Error in <TChain::SetBranchAddress>: unknown branch -> HLT_DiJet110_35_Mjj650_PFMET120
Error in <TChain::SetBranchAddress>: unknown branch -> HLT_DiJet110_35_Mjj650_PFMET130
Error in <TChain::SetBranchAddress>: unknown branch -> HLT_TripleJet110_35_35_Mjj650_PFMET110
Error in <TChain::SetBranchAddress>: unknown branch -> HLT_TripleJet110_35_35_Mjj650_PFMET120
Error in <TChain::SetBranchAddress>: unknown branch -> HLT_TripleJet110_35_35_Mjj650_PFMET130
Error in <TChain::SetBranchAddress>: unknown branch -> HLT_VBF_DoubleLooseChargedIsoPFTau20_Trk1_eta2p1_Reg
Error in <TChain::SetBranchAddress>: unknown branch -> HLT_VBF_DoubleMediumChargedIsoPFTau20_Trk1_eta2p1_Reg
Error in <TChain::SetBranchAddress>: unknown branch -> HLT_VBF_DoubleTightChargedIsoPFTau20_Trk1_eta2p1_Reg
Error in <TChain::SetBranchAddress>: unknown branch -> HLT_Ele28_HighEta_SC20_Mass55
Error in <TChain::SetBranchAddress>: unknown branch -> HLT_Ele15_IsoVVVL_PFHT450_CaloBTagCSV_4p5
Error in <TChain::SetBranchAddress>: unknown branch -> HLT_Ele15_IsoVVVL_PFHT450_PFMET50
Error in <TChain::SetBranchAddress>: unknown branch -> HLT_Ele15_IsoVVVL_PFHT450
Error in <TChain::SetBranchAddress>: unknown branch -> HLT_Ele50_IsoVVVL_PFHT450
Error in <TChain::SetBranchAddress>: unknown branch -> HLT_Ele15_IsoVVVL_PFHT600
Error in <TChain::SetBranchAddress>: unknown branch -> HLT_Mu8_TrkIsoVVL_DiPFJet40_DEta3p5_MJJ750_HTT300_PFMETNoMu60
Error in <TChain::SetBranchAddress>: unknown branch -> HLT_Mu10_TrkIsoVVL_DiPFJet40_DEta3p5_MJJ750_HTT350_PFMETNoMu60
Error in <TChain::SetBranchAddress>: unknown branch -> HLT_Mu15_IsoVVVL_PFHT450_CaloBTagCSV_4p5
Error in <TChain::SetBranchAddress>: unknown branch -> HLT_Mu15_IsoVVVL_PFHT450_PFMET50
Error in <TChain::SetBranchAddress>: unknown branch -> HLT_Mu15_IsoVVVL_PFHT450
Error in <TChain::SetBranchAddress>: unknown branch -> HLT_Mu50_IsoVVVL_PFHT450
Error in <TChain::SetBranchAddress>: unknown branch -> HLT_Mu15_IsoVVVL_PFHT600
Error in <TChain::SetBranchAddress>: unknown branch -> HLT_Dimuon10_Upsilon_Barrel_Seagulls
Error in <TChain::SetBranchAddress>: unknown branch -> HLT_Dimuon18_PsiPrime_noCorrL1
Error in <TChain::SetBranchAddress>: unknown branch -> HLT_Dimuon24_Upsilon_noCorrL1
Error in <TChain::SetBranchAddress>: unknown branch -> HLT_Dimuon24_Phi_noCorrL1
Error in <TChain::SetBranchAddress>: unknown branch -> HLT_Dimuon25_Jpsi_noCorrL1
Error in <TChain::SetBranchAddress>: unknown branch -> HLT_DoubleIsoMu20_eta2p1
Error in <TChain::SetBranchAddress>: unknown branch -> HLT_DoubleIsoMu24_eta2p1
Error in <TChain::SetBranchAddress>: unknown branch -> HLT_TrkMu12_DoubleTrkMu5NoFiltersNoVtx
Error in <TChain::SetBranchAddress>: unknown branch -> HLT_TrkMu16_DoubleTrkMu6NoFiltersNoVtx
Error in <TChain::SetBranchAddress>: unknown branch -> HLT_TrkMu17_DoubleTrkMu8NoFiltersNoVtx
Error in <TChain::SetBranchAddress>: unknown branch -> HLT_Mu19
Error in <TChain::SetBranchAddress>: unknown branch -> HLT_Mu17_Photon30_IsoCaloId
Error in <TChain::SetBranchAddress>: unknown branch -> HLT_Ele8_CaloIdL_TrackIdL_IsoVL_PFJet30
Error in <TChain::SetBranchAddress>: unknown branch -> HLT_Ele12_CaloIdL_TrackIdL_IsoVL_PFJet30
Error in <TChain::SetBranchAddress>: unknown branch -> HLT_Ele23_CaloIdL_TrackIdL_IsoVL_PFJet30
Error in <TChain::SetBranchAddress>: unknown branch -> HLT_Ele8_CaloIdM_TrackIdM_PFJet30
Error in <TChain::SetBranchAddress>: unknown branch -> HLT_Ele17_CaloIdM_TrackIdM_PFJet30
Error in <TChain::SetBranchAddress>: unknown branch -> HLT_Ele23_CaloIdM_TrackIdM_PFJet30
Error in <TChain::SetBranchAddress>: unknown branch -> HLT_Ele50_CaloIdVT_GsfTrkIdT_PFJet165
Error in <TChain::SetBranchAddress>: unknown branch -> HLT_Ele115_CaloIdVT_GsfTrkIdT
Error in <TChain::SetBranchAddress>: unknown branch -> HLT_Ele135_CaloIdVT_GsfTrkIdT
Error in <TChain::SetBranchAddress>: unknown branch -> HLT_Ele145_CaloIdVT_GsfTrkIdT
Error in <TChain::SetBranchAddress>: unknown branch -> HLT_Ele200_CaloIdVT_GsfTrkIdT
Error in <TChain::SetBranchAddress>: unknown branch -> HLT_Ele250_CaloIdVT_GsfTrkIdT
Error in <TChain::SetBranchAddress>: unknown branch -> HLT_Ele300_CaloIdVT_GsfTrkIdT
Error in <TChain::SetBranchAddress>: unknown branch -> HLT_PFHT300PT30_QuadPFJet_75_60_45_40
Error in <TChain::SetBranchAddress>: unknown branch -> HLT_PFHT300PT30_QuadPFJet_75_60_45_40_TriplePFBTagCSV_3p0
Error in <TChain::SetBranchAddress>: unknown branch -> HLT_PFHT380_SixPFJet32_DoublePFBTagCSV_2p2
Error in <TChain::SetBranchAddress>: unknown branch -> HLT_PFHT380_SixPFJet32_DoublePFBTagDeepCSV_2p2
Error in <TChain::SetBranchAddress>: unknown branch -> HLT_PFHT380_SixPFJet32
Error in <TChain::SetBranchAddress>: unknown branch -> HLT_PFHT430_SixPFJet40_PFBTagCSV_1p5
Error in <TChain::SetBranchAddress>: unknown branch -> HLT_PFHT430_SixPFJet40
Error in <TChain::SetBranchAddress>: unknown branch -> HLT_PFHT350MinPFJet15
Error in <TChain::SetBranchAddress>: unknown branch -> HLT_Photon60_R9Id90_CaloIdL_IsoL
Error in <TChain::SetBranchAddress>: unknown branch -> HLT_Photon60_R9Id90_CaloIdL_IsoL_DisplacedIdL
Error in <TChain::SetBranchAddress>: unknown branch -> HLT_FullTrack_Multiplicity100
Error in <TChain::SetBranchAddress>: unknown branch -> HLT_FullTrack_Multiplicity130
Error in <TChain::SetBranchAddress>: unknown branch -> HLT_Physics_part0
Error in <TChain::SetBranchAddress>: unknown branch -> HLT_Physics_part1
Error in <TChain::SetBranchAddress>: unknown branch -> HLT_Physics_part2
Error in <TChain::SetBranchAddress>: unknown branch -> HLT_Physics_part3
Error in <TChain::SetBranchAddress>: unknown branch -> HLT_Physics_part4
Error in <TChain::SetBranchAddress>: unknown branch -> HLT_Physics_part5
Error in <TChain::SetBranchAddress>: unknown branch -> HLT_Physics_part6
Error in <TChain::SetBranchAddress>: unknown branch -> HLT_Physics_part7
Error in <TChain::SetBranchAddress>: unknown branch -> HLT_L1_CDC_SingleMu_3_er1p2_TOP120_DPHI2p618_3p142
Error in <TChain::SetBranchAddress>: unknown branch -> HLT_IsoTrackHB
Error in <TChain::SetBranchAddress>: unknown branch -> HLT_IsoTrackHE
Error in <TChain::SetBranchAddress>: unknown branch -> HLT_MediumChargedIsoPFTau50_Trk30_eta2p1_1pr_MET110
Error in <TChain::SetBranchAddress>: unknown branch -> HLT_MediumChargedIsoPFTau50_Trk30_eta2p1_1pr_MET120
Error in <TChain::SetBranchAddress>: unknown branch -> HLT_MediumChargedIsoPFTau50_Trk30_eta2p1_1pr_MET130
Error in <TChain::SetBranchAddress>: unknown branch -> HLT_MediumChargedIsoPFTau180HighPtRelaxedIso_Trk50_eta2p1_1pr
Error in <TChain::SetBranchAddress>: unknown branch -> HLT_IsoMu24_eta2p1_MediumChargedIsoPFTau40_Trk1_eta2p1_Reg_CrossL1
Error in <TChain::SetBranchAddress>: unknown branch -> HLT_IsoMu24_eta2p1_MediumChargedIsoPFTau40_Trk1_TightID_eta2p1_Reg_CrossL1
Error in <TChain::SetBranchAddress>: unknown branch -> HLT_IsoMu24_eta2p1_TightChargedIsoPFTau40_Trk1_eta2p1_Reg_CrossL1
Error in <TChain::SetBranchAddress>: unknown branch -> HLT_IsoMu24_eta2p1_TightChargedIsoPFTau40_Trk1_TightID_eta2p1_Reg_CrossL1
Error in <TChain::SetBranchAddress>: unknown branch -> HLT_Rsq0p35
Error in <TChain::SetBranchAddress>: unknown branch -> HLT_Rsq0p40
Error in <TChain::SetBranchAddress>: unknown branch -> HLT_RsqMR300_Rsq0p09_MR200
Error in <TChain::SetBranchAddress>: unknown branch -> HLT_RsqMR320_Rsq0p09_MR200
Error in <TChain::SetBranchAddress>: unknown branch -> HLT_RsqMR300_Rsq0p09_MR200_4jet
Error in <TChain::SetBranchAddress>: unknown branch -> HLT_RsqMR320_Rsq0p09_MR200_4jet
Error in <TChain::SetBranchAddress>: unknown branch -> HLT_L1_DoubleJet30_Mass_Min400_Mu10
Error in <TChain::SetBranchAddress>: unknown branch -> HLT_IsoMu27_LooseChargedIsoPFTau20_SingleL1
Error in <TChain::SetBranchAddress>: unknown branch -> HLT_IsoMu27_MediumChargedIsoPFTau20_SingleL1
Error in <TChain::SetBranchAddress>: unknown branch -> HLT_IsoMu27_TightChargedIsoPFTau20_SingleL1
Error in <TChain::SetBranchAddress>: unknown branch -> HLT_Photon50_R9Id90_HE10_IsoM_EBOnly_PFJetsMJJ300DEta3_PFMET50
Error in <TChain::SetBranchAddress>: unknown branch -> HLT_Photon75_R9Id90_HE10_IsoM_EBOnly_PFJetsMJJ300DEta3
Error in <TChain::SetBranchAddress>: unknown branch -> HLT_Photon75_R9Id90_HE10_IsoM_EBOnly_PFJetsMJJ600DEta3
Error in <TChain::SetBranchAddress>: unknown branch -> HLT_PFMET100_PFMHT100_IDTight_PFHT60
Error in <TChain::SetBranchAddress>: unknown branch -> HLT_PFMETNoMu100_PFMHTNoMu100_IDTight_PFHT60
Error in <TChain::SetBranchAddress>: unknown branch -> HLT_PFMETTypeOne100_PFMHT100_IDTight_PFHT60
Error in <TChain::SetBranchAddress>: unknown branch -> HLT_Mu18_Mu9_SameSign
Error in <TChain::SetBranchAddress>: unknown branch -> HLT_Mu18_Mu9_SameSign_DZ
Error in <TChain::SetBranchAddress>: unknown branch -> HLT_Mu18_Mu9
Error in <TChain::SetBranchAddress>: unknown branch -> HLT_Mu18_Mu9_DZ
Error in <TChain::SetBranchAddress>: unknown branch -> HLT_Mu20_Mu10_SameSign
Error in <TChain::SetBranchAddress>: unknown branch -> HLT_Mu20_Mu10_SameSign_DZ
Error in <TChain::SetBranchAddress>: unknown branch -> HLT_Mu20_Mu10
Error in <TChain::SetBranchAddress>: unknown branch -> HLT_Mu20_Mu10_DZ
Error in <TChain::SetBranchAddress>: unknown branch -> HLT_Mu23_Mu12_SameSign
Error in <TChain::SetBranchAddress>: unknown branch -> HLT_Mu23_Mu12_SameSign_DZ
Error in <TChain::SetBranchAddress>: unknown branch -> HLT_Mu23_Mu12
Error in <TChain::SetBranchAddress>: unknown branch -> HLT_Mu23_Mu12_DZ
Error in <TChain::SetBranchAddress>: unknown branch -> HLT_DoubleMu2_Jpsi_DoubleTrk1_Phi
Error in <TChain::SetBranchAddress>: unknown branch -> HLT_DoubleMu2_Jpsi_DoubleTkMu0_Phi
Error in <TChain::SetBranchAddress>: unknown branch -> HLT_DoubleMu3_DCA_PFMET50_PFMHT60
Error in <TChain::SetBranchAddress>: unknown branch -> HLT_TripleMu_5_3_3_Mass3p8to60_DCA
Error in <TChain::SetBranchAddress>: unknown branch -> HLT_QuadPFJet98_83_71_15_DoubleBTagCSV_p013_p08_VBF1
Error in <TChain::SetBranchAddress>: unknown branch -> HLT_QuadPFJet103_88_75_15_DoubleBTagCSV_p013_p08_VBF1
Error in <TChain::SetBranchAddress>: unknown branch -> HLT_QuadPFJet105_90_76_15_DoubleBTagCSV_p013_p08_VBF1
Error in <TChain::SetBranchAddress>: unknown branch -> HLT_QuadPFJet111_90_80_15_DoubleBTagCSV_p013_p08_VBF1
Error in <TChain::SetBranchAddress>: unknown branch -> HLT_QuadPFJet98_83_71_15_BTagCSV_p013_VBF2
Error in <TChain::SetBranchAddress>: unknown branch -> HLT_QuadPFJet103_88_75_15_BTagCSV_p013_VBF2
Error in <TChain::SetBranchAddress>: unknown branch -> HLT_QuadPFJet105_88_76_15_BTagCSV_p013_VBF2
Error in <TChain::SetBranchAddress>: unknown branch -> HLT_QuadPFJet111_90_80_15_BTagCSV_p013_VBF2
Error in <TChain::SetBranchAddress>: unknown branch -> HLT_QuadPFJet98_83_71_15
Error in <TChain::SetBranchAddress>: unknown branch -> HLT_QuadPFJet103_88_75_15
Error in <TChain::SetBranchAddress>: unknown branch -> HLT_QuadPFJet105_88_76_15
Error in <TChain::SetBranchAddress>: unknown branch -> HLT_QuadPFJet111_90_80_15
Error in <TChain::SetBranchAddress>: unknown branch -> HLT_AK8PFJet330_PFAK8BTagCSV_p17
Error in <TChain::SetBranchAddress>: unknown branch -> HLT_AK8PFJet330_PFAK8BTagCSV_p1
Error in <TChain::SetBranchAddress>: unknown branch -> HLT_Diphoton30_18_PVrealAND_R9Id_AND_IsoCaloId_AND_HE_R9Id_PixelVeto_Mass55
Error in <TChain::SetBranchAddress>: unknown branch -> HLT_Diphoton30_18_PVrealAND_R9Id_AND_IsoCaloId_AND_HE_R9Id_NoPixelVeto_Mass55
