000 (415605.000.000) 09/10 01:33:16 Job submitted from host: <10.3.10.4:9618?addrs=10.3.10.4-9618&noUDP&sock=306815_2611_3>
...
001 (415605.000.000) 09/10 01:33:20 Job executing on host: <10.3.10.90:9618?addrs=10.3.10.90-9618&noUDP&sock=4011_ca75_3>
...
006 (415605.000.000) 09/10 01:33:20 Image size of job updated: 1
	0  -  MemoryUsage of job (MB)
	0  -  ResidentSetSize of job (KB)
...
005 (415605.000.000) 09/10 01:33:20 Job terminated.
	(1) Normal termination (return value 1)
		Usr 0 00:00:00, Sys 0 00:00:00  -  Run Remote Usage
		Usr 0 00:00:00, Sys 0 00:00:00  -  Run Local Usage
		Usr 0 00:00:00, Sys 0 00:00:00  -  Total Remote Usage
		Usr 0 00:00:00, Sys 0 00:00:00  -  Total Local Usage
	311  -  Run Bytes Sent By Job
	9476  -  Run Bytes Received By Job
	311  -  Total Bytes Sent By Job
	9476  -  Total Bytes Received By Job
	Partitionable Resources :    Usage  Request Allocated
	   Cpus                 :                 1         1
	   Disk (KB)            :       20        1   1420731
	   Memory (MB)          :        0        1         1
...
000 (415606.000.000) 09/10 01:39:55 Job submitted from host: <10.3.10.4:9618?addrs=10.3.10.4-9618&noUDP&sock=306815_2611_3>
...
001 (415606.000.000) 09/10 01:40:17 Job executing on host: <10.3.10.26:9618?addrs=10.3.10.26-9618&noUDP&sock=3790_3407_3>
...
006 (415606.000.000) 09/10 01:40:17 Image size of job updated: 1
	0  -  MemoryUsage of job (MB)
	0  -  ResidentSetSize of job (KB)
...
005 (415606.000.000) 09/10 01:40:17 Job terminated.
	(1) Normal termination (return value 1)
		Usr 0 00:00:00, Sys 0 00:00:00  -  Run Remote Usage
		Usr 0 00:00:00, Sys 0 00:00:00  -  Run Local Usage
		Usr 0 00:00:00, Sys 0 00:00:00  -  Total Remote Usage
		Usr 0 00:00:00, Sys 0 00:00:00  -  Total Local Usage
	309  -  Run Bytes Sent By Job
	9476  -  Run Bytes Received By Job
	309  -  Total Bytes Sent By Job
	9476  -  Total Bytes Received By Job
	Partitionable Resources :    Usage  Request Allocated
	   Cpus                 :                 1         1
	   Disk (KB)            :       20        1   3064492
	   Memory (MB)          :        0        1         1
...
000 (415607.000.000) 09/10 01:44:57 Job submitted from host: <10.3.10.4:9618?addrs=10.3.10.4-9618&noUDP&sock=306815_2611_3>
...
001 (415607.000.000) 09/10 01:45:09 Job executing on host: <10.3.10.26:9618?addrs=10.3.10.26-9618&noUDP&sock=3790_3407_3>
...
006 (415607.000.000) 09/10 01:45:09 Image size of job updated: 1
	0  -  MemoryUsage of job (MB)
	0  -  ResidentSetSize of job (KB)
...
005 (415607.000.000) 09/10 01:45:09 Job terminated.
	(1) Normal termination (return value 127)
		Usr 0 00:00:00, Sys 0 00:00:00  -  Run Remote Usage
		Usr 0 00:00:00, Sys 0 00:00:00  -  Run Local Usage
		Usr 0 00:00:00, Sys 0 00:00:00  -  Total Remote Usage
		Usr 0 00:00:00, Sys 0 00:00:00  -  Total Local Usage
	122  -  Run Bytes Sent By Job
	9514  -  Run Bytes Received By Job
	122  -  Total Bytes Sent By Job
	9514  -  Total Bytes Received By Job
	Partitionable Resources :    Usage  Request Allocated
	   Cpus                 :                 1         1
	   Disk (KB)            :       20        1   3064492
	   Memory (MB)          :        0        1         1
...
000 (415608.000.000) 09/10 01:48:54 Job submitted from host: <10.3.10.4:9618?addrs=10.3.10.4-9618&noUDP&sock=306815_2611_3>
...
001 (415608.000.000) 09/10 01:49:05 Job executing on host: <10.3.10.90:9618?addrs=10.3.10.90-9618&noUDP&sock=4011_ca75_3>
...
006 (415608.000.000) 09/10 01:49:10 Image size of job updated: 572
	0  -  MemoryUsage of job (MB)
	0  -  ResidentSetSize of job (KB)
...
005 (415608.000.000) 09/10 01:49:10 Job terminated.
	(1) Normal termination (return value 127)
		Usr 0 00:00:00, Sys 0 00:00:00  -  Run Remote Usage
		Usr 0 00:00:00, Sys 0 00:00:00  -  Run Local Usage
		Usr 0 00:00:00, Sys 0 00:00:00  -  Total Remote Usage
		Usr 0 00:00:00, Sys 0 00:00:00  -  Total Local Usage
	227  -  Run Bytes Sent By Job
	9630  -  Run Bytes Received By Job
	227  -  Total Bytes Sent By Job
	9630  -  Total Bytes Received By Job
	Partitionable Resources :    Usage  Request Allocated
	   Cpus                 :                 1         1
	   Disk (KB)            :       20        1   1420731
	   Memory (MB)          :        0        1         1
...
000 (415609.000.000) 09/10 01:51:12 Job submitted from host: <10.3.10.4:9618?addrs=10.3.10.4-9618&noUDP&sock=306815_2611_3>
...
001 (415609.000.000) 09/10 01:51:20 Job executing on host: <10.3.10.90:9618?addrs=10.3.10.90-9618&noUDP&sock=4011_ca75_3>
...
006 (415609.000.000) 09/10 01:51:25 Image size of job updated: 568
	0  -  MemoryUsage of job (MB)
	0  -  ResidentSetSize of job (KB)
...
005 (415609.000.000) 09/10 01:51:25 Job terminated.
	(1) Normal termination (return value 127)
		Usr 0 00:00:00, Sys 0 00:00:00  -  Run Remote Usage
		Usr 0 00:00:00, Sys 0 00:00:00  -  Run Local Usage
		Usr 0 00:00:00, Sys 0 00:00:00  -  Total Remote Usage
		Usr 0 00:00:00, Sys 0 00:00:00  -  Total Local Usage
	122  -  Run Bytes Sent By Job
	9633  -  Run Bytes Received By Job
	122  -  Total Bytes Sent By Job
	9633  -  Total Bytes Received By Job
	Partitionable Resources :    Usage  Request Allocated
	   Cpus                 :                 1         1
	   Disk (KB)            :       20        1   1420731
	   Memory (MB)          :        0        1         1
...
000 (415610.000.000) 09/10 02:17:14 Job submitted from host: <10.3.10.4:9618?addrs=10.3.10.4-9618&noUDP&sock=306815_2611_3>
...
001 (415610.000.000) 09/10 02:17:17 Job executing on host: <10.3.10.26:9618?addrs=10.3.10.26-9618&noUDP&sock=3790_3407_3>
...
006 (415610.000.000) 09/10 02:17:17 Image size of job updated: 1
	0  -  MemoryUsage of job (MB)
	0  -  ResidentSetSize of job (KB)
...
005 (415610.000.000) 09/10 02:17:17 Job terminated.
	(1) Normal termination (return value 127)
		Usr 0 00:00:00, Sys 0 00:00:00  -  Run Remote Usage
		Usr 0 00:00:00, Sys 0 00:00:00  -  Run Local Usage
		Usr 0 00:00:00, Sys 0 00:00:00  -  Total Remote Usage
		Usr 0 00:00:00, Sys 0 00:00:00  -  Total Local Usage
	156  -  Run Bytes Sent By Job
	9614  -  Run Bytes Received By Job
	156  -  Total Bytes Sent By Job
	9614  -  Total Bytes Received By Job
	Partitionable Resources :    Usage  Request Allocated
	   Cpus                 :                 1         1
	   Disk (KB)            :       20        1   3064492
	   Memory (MB)          :        0        1         1
...
000 (415611.000.000) 09/10 02:20:10 Job submitted from host: <10.3.10.4:9618?addrs=10.3.10.4-9618&noUDP&sock=306815_2611_3>
...
001 (415611.000.000) 09/10 02:20:30 Job executing on host: <10.3.10.26:9618?addrs=10.3.10.26-9618&noUDP&sock=3790_3407_3>
...
006 (415611.000.000) 09/10 02:20:30 Image size of job updated: 1
	0  -  MemoryUsage of job (MB)
	0  -  ResidentSetSize of job (KB)
...
005 (415611.000.000) 09/10 02:20:30 Job terminated.
	(1) Normal termination (return value 127)
		Usr 0 00:00:00, Sys 0 00:00:00  -  Run Remote Usage
		Usr 0 00:00:00, Sys 0 00:00:00  -  Run Local Usage
		Usr 0 00:00:00, Sys 0 00:00:00  -  Total Remote Usage
		Usr 0 00:00:00, Sys 0 00:00:00  -  Total Local Usage
	156  -  Run Bytes Sent By Job
	9614  -  Run Bytes Received By Job
	156  -  Total Bytes Sent By Job
	9614  -  Total Bytes Received By Job
	Partitionable Resources :    Usage  Request Allocated
	   Cpus                 :                 1         1
	   Disk (KB)            :       20        1   3064492
	   Memory (MB)          :        0        1         1
...
000 (415612.000.000) 09/10 02:24:50 Job submitted from host: <10.3.10.4:9618?addrs=10.3.10.4-9618&noUDP&sock=306815_2611_3>
...
001 (415612.000.000) 09/10 02:24:58 Job executing on host: <10.3.10.26:9618?addrs=10.3.10.26-9618&noUDP&sock=3790_3407_3>
...
006 (415612.000.000) 09/10 02:24:58 Image size of job updated: 1
	0  -  MemoryUsage of job (MB)
	0  -  ResidentSetSize of job (KB)
...
005 (415612.000.000) 09/10 02:24:58 Job terminated.
	(1) Normal termination (return value 127)
		Usr 0 00:00:00, Sys 0 00:00:00  -  Run Remote Usage
		Usr 0 00:00:00, Sys 0 00:00:00  -  Run Local Usage
		Usr 0 00:00:00, Sys 0 00:00:00  -  Total Remote Usage
		Usr 0 00:00:00, Sys 0 00:00:00  -  Total Local Usage
	132  -  Run Bytes Sent By Job
	9615  -  Run Bytes Received By Job
	132  -  Total Bytes Sent By Job
	9615  -  Total Bytes Received By Job
	Partitionable Resources :    Usage  Request Allocated
	   Cpus                 :                 1         1
	   Disk (KB)            :       20        1   3064492
	   Memory (MB)          :        0        1         1
...
000 (415613.000.000) 09/10 02:26:06 Job submitted from host: <10.3.10.4:9618?addrs=10.3.10.4-9618&noUDP&sock=306815_2611_3>
...
001 (415613.000.000) 09/10 02:26:28 Job executing on host: <10.3.10.26:9618?addrs=10.3.10.26-9618&noUDP&sock=3790_3407_3>
...
006 (415613.000.000) 09/10 02:26:29 Image size of job updated: 1
	0  -  MemoryUsage of job (MB)
	0  -  ResidentSetSize of job (KB)
...
005 (415613.000.000) 09/10 02:26:29 Job terminated.
	(1) Normal termination (return value 127)
		Usr 0 00:00:00, Sys 0 00:00:00  -  Run Remote Usage
		Usr 0 00:00:00, Sys 0 00:00:00  -  Run Local Usage
		Usr 0 00:00:00, Sys 0 00:00:00  -  Total Remote Usage
		Usr 0 00:00:00, Sys 0 00:00:00  -  Total Local Usage
	156  -  Run Bytes Sent By Job
	9614  -  Run Bytes Received By Job
	156  -  Total Bytes Sent By Job
	9614  -  Total Bytes Received By Job
	Partitionable Resources :    Usage  Request Allocated
	   Cpus                 :                 1         1
	   Disk (KB)            :       20        1   3064492
	   Memory (MB)          :        0        1         1
...
000 (415614.000.000) 09/10 02:29:00 Job submitted from host: <10.3.10.4:9618?addrs=10.3.10.4-9618&noUDP&sock=306815_2611_3>
...
001 (415614.000.000) 09/10 02:29:14 Job executing on host: <10.3.10.90:9618?addrs=10.3.10.90-9618&noUDP&sock=4011_ca75_3>
...
006 (415614.000.000) 09/10 02:29:22 Image size of job updated: 572
	1  -  MemoryUsage of job (MB)
	572  -  ResidentSetSize of job (KB)
...
005 (415614.000.000) 09/10 02:29:44 Job terminated.
	(1) Normal termination (return value 127)
		Usr 0 00:00:00, Sys 0 00:00:00  -  Run Remote Usage
		Usr 0 00:00:00, Sys 0 00:00:00  -  Run Local Usage
		Usr 0 00:00:00, Sys 0 00:00:00  -  Total Remote Usage
		Usr 0 00:00:00, Sys 0 00:00:00  -  Total Local Usage
	250  -  Run Bytes Sent By Job
	9632  -  Run Bytes Received By Job
	250  -  Total Bytes Sent By Job
	9632  -  Total Bytes Received By Job
	Partitionable Resources :    Usage  Request Allocated
	   Cpus                 :                 1         1
	   Disk (KB)            :       20        1   1420731
	   Memory (MB)          :        1        1         1
...
000 (415615.000.000) 09/10 02:30:43 Job submitted from host: <10.3.10.4:9618?addrs=10.3.10.4-9618&noUDP&sock=306815_2611_3>
...
000 (415616.000.000) 09/10 02:30:44 Job submitted from host: <10.3.10.4:9618?addrs=10.3.10.4-9618&noUDP&sock=306815_2611_3>
...
000 (415617.000.000) 09/10 02:30:45 Job submitted from host: <10.3.10.4:9618?addrs=10.3.10.4-9618&noUDP&sock=306815_2611_3>
...
001 (415615.000.000) 09/10 02:30:57 Job executing on host: <10.3.10.26:9618?addrs=10.3.10.26-9618&noUDP&sock=3790_3407_3>
...
001 (415617.000.000) 09/10 02:30:57 Job executing on host: <10.3.11.229:9618?addrs=10.3.11.229-9618&noUDP&sock=3014_ee89_3>
...
001 (415616.000.000) 09/10 02:30:57 Job executing on host: <10.3.10.90:9618?addrs=10.3.10.90-9618&noUDP&sock=4011_ca75_3>
...
006 (415615.000.000) 09/10 02:30:58 Image size of job updated: 1
	0  -  MemoryUsage of job (MB)
	0  -  ResidentSetSize of job (KB)
...
005 (415615.000.000) 09/10 02:30:58 Job terminated.
	(1) Normal termination (return value 127)
		Usr 0 00:00:00, Sys 0 00:00:00  -  Run Remote Usage
		Usr 0 00:00:00, Sys 0 00:00:00  -  Run Local Usage
		Usr 0 00:00:00, Sys 0 00:00:00  -  Total Remote Usage
		Usr 0 00:00:00, Sys 0 00:00:00  -  Total Local Usage
	355  -  Run Bytes Sent By Job
	9629  -  Run Bytes Received By Job
	355  -  Total Bytes Sent By Job
	9629  -  Total Bytes Received By Job
	Partitionable Resources :    Usage  Request Allocated
	   Cpus                 :                 1         1
	   Disk (KB)            :       20        1   3064492
	   Memory (MB)          :        0        1         1
...
006 (415617.000.000) 09/10 02:30:58 Image size of job updated: 1
	0  -  MemoryUsage of job (MB)
	0  -  ResidentSetSize of job (KB)
...
005 (415617.000.000) 09/10 02:30:58 Job terminated.
	(1) Normal termination (return value 127)
		Usr 0 00:00:00, Sys 0 00:00:00  -  Run Remote Usage
		Usr 0 00:00:00, Sys 0 00:00:00  -  Run Local Usage
		Usr 0 00:00:00, Sys 0 00:00:00  -  Total Remote Usage
		Usr 0 00:00:00, Sys 0 00:00:00  -  Total Local Usage
	355  -  Run Bytes Sent By Job
	9629  -  Run Bytes Received By Job
	355  -  Total Bytes Sent By Job
	9629  -  Total Bytes Received By Job
	Partitionable Resources :    Usage  Request Allocated
	   Cpus                 :                 1         1
	   Disk (KB)            :       20        1   1209955
	   Memory (MB)          :        0        1         1
...
006 (415616.000.000) 09/10 02:30:59 Image size of job updated: 1
	0  -  MemoryUsage of job (MB)
	0  -  ResidentSetSize of job (KB)
...
005 (415616.000.000) 09/10 02:30:59 Job terminated.
	(1) Normal termination (return value 127)
		Usr 0 00:00:00, Sys 0 00:00:00  -  Run Remote Usage
		Usr 0 00:00:00, Sys 0 00:00:00  -  Run Local Usage
		Usr 0 00:00:00, Sys 0 00:00:00  -  Total Remote Usage
		Usr 0 00:00:00, Sys 0 00:00:00  -  Total Local Usage
	355  -  Run Bytes Sent By Job
	9629  -  Run Bytes Received By Job
	355  -  Total Bytes Sent By Job
	9629  -  Total Bytes Received By Job
	Partitionable Resources :    Usage  Request Allocated
	   Cpus                 :                 1         1
	   Disk (KB)            :       20        1   1420731
	   Memory (MB)          :        0        1         1
...
000 (415618.000.000) 09/10 02:36:59 Job submitted from host: <10.3.10.4:9618?addrs=10.3.10.4-9618&noUDP&sock=306815_2611_3>
...
001 (415618.000.000) 09/10 02:37:22 Job executing on host: <10.3.10.26:9618?addrs=10.3.10.26-9618&noUDP&sock=3790_3407_3>
...
006 (415618.000.000) 09/10 02:37:31 Image size of job updated: 101100
	43  -  MemoryUsage of job (MB)
	43308  -  ResidentSetSize of job (KB)
...
005 (415618.000.000) 09/10 02:37:32 Job terminated.
	(1) Normal termination (return value 0)
		Usr 0 00:00:01, Sys 0 00:00:00  -  Run Remote Usage
		Usr 0 00:00:00, Sys 0 00:00:00  -  Run Local Usage
		Usr 0 00:00:01, Sys 0 00:00:00  -  Total Remote Usage
		Usr 0 00:00:00, Sys 0 00:00:00  -  Total Local Usage
	677  -  Run Bytes Sent By Job
	9765  -  Run Bytes Received By Job
	677  -  Total Bytes Sent By Job
	9765  -  Total Bytes Received By Job
	Partitionable Resources :    Usage  Request Allocated
	   Cpus                 :                 1         1
	   Disk (KB)            :       20        1   3064492
	   Memory (MB)          :       43        1         1
...
000 (415619.000.000) 09/10 02:38:48 Job submitted from host: <10.3.10.4:9618?addrs=10.3.10.4-9618&noUDP&sock=306815_2611_3>
...
001 (415619.000.000) 09/10 02:39:05 Job executing on host: <10.3.10.26:9618?addrs=10.3.10.26-9618&noUDP&sock=3790_3407_3>
...
006 (415619.000.000) 09/10 02:39:07 Image size of job updated: 68260
	0  -  MemoryUsage of job (MB)
	0  -  ResidentSetSize of job (KB)
...
005 (415619.000.000) 09/10 02:39:07 Job terminated.
	(1) Normal termination (return value 0)
		Usr 0 00:00:00, Sys 0 00:00:00  -  Run Remote Usage
		Usr 0 00:00:00, Sys 0 00:00:00  -  Run Local Usage
		Usr 0 00:00:00, Sys 0 00:00:00  -  Total Remote Usage
		Usr 0 00:00:00, Sys 0 00:00:00  -  Total Local Usage
	478  -  Run Bytes Sent By Job
	9770  -  Run Bytes Received By Job
	478  -  Total Bytes Sent By Job
	9770  -  Total Bytes Received By Job
	Partitionable Resources :    Usage  Request Allocated
	   Cpus                 :                 1         1
	   Disk (KB)            :       20        1   3064492
	   Memory (MB)          :        0        1         1
...
000 (415620.000.000) 09/10 02:42:02 Job submitted from host: <10.3.10.4:9618?addrs=10.3.10.4-9618&noUDP&sock=306815_2611_3>
...
001 (415620.000.000) 09/10 02:42:25 Job executing on host: <10.3.11.229:9618?addrs=10.3.11.229-9618&noUDP&sock=3014_ee89_3>
...
006 (415620.000.000) 09/10 02:42:34 Image size of job updated: 96700
	47  -  MemoryUsage of job (MB)
	47720  -  ResidentSetSize of job (KB)
...
006 (415620.000.000) 09/10 02:47:35 Image size of job updated: 214892
	146  -  MemoryUsage of job (MB)
	149080  -  ResidentSetSize of job (KB)
...
006 (415620.000.000) 09/10 02:52:36 Image size of job updated: 217408
	149  -  MemoryUsage of job (MB)
	151588  -  ResidentSetSize of job (KB)
...
006 (415620.000.000) 09/10 02:57:36 Image size of job updated: 221376
	152  -  MemoryUsage of job (MB)
	155524  -  ResidentSetSize of job (KB)
...
005 (415620.000.000) 09/10 02:57:38 Job terminated.
	(1) Normal termination (return value 0)
		Usr 0 00:00:14, Sys 0 00:00:01  -  Run Remote Usage
		Usr 0 00:00:00, Sys 0 00:00:00  -  Run Local Usage
		Usr 0 00:00:14, Sys 0 00:00:01  -  Total Remote Usage
		Usr 0 00:00:00, Sys 0 00:00:00  -  Total Local Usage
	34326  -  Run Bytes Sent By Job
	9770  -  Run Bytes Received By Job
	34326  -  Total Bytes Sent By Job
	9770  -  Total Bytes Received By Job
	Partitionable Resources :    Usage  Request Allocated
	   Cpus                 :                 1         1
	   Disk (KB)            :       53        1   1209955
	   Memory (MB)          :      152        1         1
...
